<?xml version="1.0" encoding="UTF-8"?>
<testsuite xmlns:xsi="http://www.w3.org/2001/XMLSchema-instance" xsi:noNamespaceSchemaLocation="https://maven.apache.org/surefire/maven-surefire-plugin/xsd/surefire-test-report-3.0.xsd" version="3.0" name="com.library.BorrowServiceTest" time="9.355" tests="2" errors="0" skipped="0" failures="0">
  <properties>
[...]
</properties>
  <testcase name="testBorrowBook" classname="com.library.BorrowServiceTest" time="2.282">
    <system-out><![CDATA[Test teardown: Clearing database...
Database cleared successfully!
Livre inséré avec succès !
Livre inséré avec succès !
]]></system-out>
  </testcase>
  <testcase name="testBorrowBookNotAvailable" classname="com.library.BorrowServiceTest" time="2.235"/>
</testsuite>